INFO 2023-11-04 18:37:36,530 basehttp 13992 1244"GET /recipe_list/ HTTP/1.1" 200 5366
WARNING 2023-11-04 18:37:36,575 log 13992 1244Not Found: /media/recipe_images/solyanka.jpg
WARNING 2023-11-04 18:37:36,576 basehttp 13992 1244"GET /media/recipe_images/solyanka.jpg HTTP/1.1" 404 179
INFO 2023-11-04 18:37:41,603 basehttp 13992 1244"GET / HTTP/1.1" 200 2761
WARNING 2023-11-04 18:37:41,633 log 13992 1244Not Found: /media/recipe_images/solyanka.jpg
WARNING 2023-11-04 18:37:41,633 basehttp 13992 1244"GET /media/recipe_images/solyanka.jpg HTTP/1.1" 404 179
INFO 2023-11-04 18:38:26,365 basehttp 13992 1244"GET / HTTP/1.1" 200 2717
WARNING 2023-11-04 18:38:26,390 log 13992 1244Not Found: /media/recipe_images/solyanka.jpg
WARNING 2023-11-04 18:38:26,390 basehttp 13992 1244"GET /media/recipe_images/solyanka.jpg HTTP/1.1" 404 179
INFO 2023-11-04 18:38:27,036 basehttp 13992 1244"GET / HTTP/1.1" 200 2717
WARNING 2023-11-04 18:38:27,059 log 13992 1244Not Found: /media/recipe_images/solyanka.jpg
WARNING 2023-11-04 18:38:27,059 basehttp 13992 1244"GET /media/recipe_images/solyanka.jpg HTTP/1.1" 404 179
INFO 2023-11-04 18:38:27,619 basehttp 13992 1244"GET / HTTP/1.1" 200 2717
WARNING 2023-11-04 18:38:27,642 log 13992 1244Not Found: /media/recipe_images/solyanka.jpg
WARNING 2023-11-04 18:38:27,642 basehttp 13992 1244"GET /media/recipe_images/solyanka.jpg HTTP/1.1" 404 179
INFO 2023-11-04 18:38:33,887 basehttp 13992 1244"GET /contacts/ HTTP/1.1" 200 2043
INFO 2023-11-04 18:38:34,771 basehttp 13992 1244"GET /recipe_list/ HTTP/1.1" 200 5366
WARNING 2023-11-04 18:38:34,797 log 13992 1244Not Found: /media/recipe_images/solyanka.jpg
WARNING 2023-11-04 18:38:34,798 basehttp 13992 1244"GET /media/recipe_images/solyanka.jpg HTTP/1.1" 404 179
INFO 2023-11-04 18:38:37,794 basehttp 13992 1244"GET / HTTP/1.1" 200 2717
WARNING 2023-11-04 18:38:37,824 log 13992 15184Not Found: /media/recipe_images/solyanka.jpg
WARNING 2023-11-04 18:38:37,824 basehttp 13992 15184"GET /media/recipe_images/solyanka.jpg HTTP/1.1" 404 179
INFO 2023-11-04 18:43:06,071 basehttp 13992 2700"GET / HTTP/1.1" 200 2803
WARNING 2023-11-04 18:43:06,098 log 13992 2700Not Found: /media/recipe_images/solyanka.jpg
WARNING 2023-11-04 18:43:06,098 basehttp 13992 2700"GET /media/recipe_images/solyanka.jpg HTTP/1.1" 404 179
INFO 2023-11-04 18:43:07,198 basehttp 13992 2700"GET /recipe_list/ HTTP/1.1" 200 5366
WARNING 2023-11-04 18:43:07,228 log 13992 2700Not Found: /media/recipe_images/solyanka.jpg
WARNING 2023-11-04 18:43:07,229 basehttp 13992 2700"GET /media/recipe_images/solyanka.jpg HTTP/1.1" 404 179
INFO 2023-11-04 18:43:39,173 basehttp 13992 2700"GET / HTTP/1.1" 200 2880
WARNING 2023-11-04 18:43:39,193 log 13992 2700Not Found: /media/recipe_images/solyanka.jpg
WARNING 2023-11-04 18:43:39,194 basehttp 13992 2700"GET /media/recipe_images/solyanka.jpg HTTP/1.1" 404 179
INFO 2023-11-04 18:43:40,455 basehttp 13992 2700"GET /recipe_list/ HTTP/1.1" 200 5366
WARNING 2023-11-04 18:43:40,487 log 13992 2700Not Found: /media/recipe_images/solyanka.jpg
WARNING 2023-11-04 18:43:40,487 basehttp 13992 2700"GET /media/recipe_images/solyanka.jpg HTTP/1.1" 404 179
INFO 2023-11-04 18:43:54,161 basehttp 13992 2700"GET / HTTP/1.1" 200 2802
WARNING 2023-11-04 18:43:54,185 log 13992 2700Not Found: /media/recipe_images/solyanka.jpg
WARNING 2023-11-04 18:43:54,186 basehttp 13992 2700"GET /media/recipe_images/solyanka.jpg HTTP/1.1" 404 179
INFO 2023-11-04 18:43:57,689 basehttp 13992 2700"GET /recipe_list/ HTTP/1.1" 200 5366
WARNING 2023-11-04 18:43:57,712 log 13992 2700Not Found: /media/recipe_images/solyanka.jpg
WARNING 2023-11-04 18:43:57,713 basehttp 13992 2700"GET /media/recipe_images/solyanka.jpg HTTP/1.1" 404 179
INFO 2023-11-04 18:43:58,741 basehttp 13992 2700"GET / HTTP/1.1" 200 2802
WARNING 2023-11-04 18:43:58,770 log 13992 2700Not Found: /media/recipe_images/solyanka.jpg
WARNING 2023-11-04 18:43:58,770 basehttp 13992 2700"GET /media/recipe_images/solyanka.jpg HTTP/1.1" 404 179
INFO 2023-11-04 18:43:59,588 basehttp 13992 2700"GET /add_recipe/ HTTP/1.1" 200 3604
INFO 2023-11-04 18:44:00,188 basehttp 13992 2700"GET /edit_recipe/ HTTP/1.1" 200 3624
INFO 2023-11-04 18:44:01,139 basehttp 13992 2700"GET /add_recipe/ HTTP/1.1" 200 3604
INFO 2023-11-04 18:44:01,849 basehttp 13992 2700"GET /register/ HTTP/1.1" 200 3405
INFO 2023-11-04 18:44:04,112 basehttp 13992 2700"GET /register/ HTTP/1.1" 200 3405
INFO 2023-11-04 18:44:04,551 basehttp 13992 2700"GET /login/ HTTP/1.1" 200 2675
INFO 2023-11-04 18:44:05,273 basehttp 13992 2700"GET /login/ HTTP/1.1" 200 2675
INFO 2023-11-04 18:44:06,302 basehttp 13992 2700"GET /recipe_list/ HTTP/1.1" 200 5366
WARNING 2023-11-04 18:44:06,327 log 13992 2700Not Found: /media/recipe_images/solyanka.jpg
WARNING 2023-11-04 18:44:06,327 basehttp 13992 2700"GET /media/recipe_images/solyanka.jpg HTTP/1.1" 404 179
INFO 2023-11-04 18:44:11,812 basehttp 13992 2700"GET /contacts/ HTTP/1.1" 200 2043
INFO 2023-11-04 18:44:16,396 basehttp 13992 2700"GET / HTTP/1.1" 200 2802
WARNING 2023-11-04 18:44:16,422 log 13992 2700Not Found: /media/recipe_images/solyanka.jpg
WARNING 2023-11-04 18:44:16,423 basehttp 13992 2700"GET /media/recipe_images/solyanka.jpg HTTP/1.1" 404 179
INFO 2023-11-04 18:44:25,066 basehttp 13992 2700"GET /recipe_list/ HTTP/1.1" 200 5366
WARNING 2023-11-04 18:44:25,093 log 13992 2700Not Found: /media/recipe_images/solyanka.jpg
WARNING 2023-11-04 18:44:25,093 basehttp 13992 2700"GET /media/recipe_images/solyanka.jpg HTTP/1.1" 404 179
INFO 2023-11-04 18:45:08,795 basehttp 13992 2700"GET /recipe_list/ HTTP/1.1" 200 5366
WARNING 2023-11-04 18:45:08,818 log 13992 2700Not Found: /media/recipe_images/solyanka.jpg
WARNING 2023-11-04 18:45:08,818 basehttp 13992 2700"GET /media/recipe_images/solyanka.jpg HTTP/1.1" 404 179
INFO 2023-11-04 18:45:09,325 basehttp 13992 2700"GET /recipe_list/ HTTP/1.1" 200 5367
WARNING 2023-11-04 18:45:09,344 log 13992 2700Not Found: /media/recipe_images/solyanka.jpg
WARNING 2023-11-04 18:45:09,345 basehttp 13992 2700"GET /media/recipe_images/solyanka.jpg HTTP/1.1" 404 179
INFO 2023-11-04 18:45:09,844 basehttp 13992 2700"GET /recipe_list/ HTTP/1.1" 200 5367
WARNING 2023-11-04 18:45:09,867 log 13992 2700Not Found: /media/recipe_images/solyanka.jpg
WARNING 2023-11-04 18:45:09,868 basehttp 13992 2700"GET /media/recipe_images/solyanka.jpg HTTP/1.1" 404 179
INFO 2023-11-04 18:45:10,379 basehttp 13992 2700"GET /recipe_list/ HTTP/1.1" 200 5367
WARNING 2023-11-04 18:45:10,404 log 13992 2700Not Found: /media/recipe_images/solyanka.jpg
WARNING 2023-11-04 18:45:10,404 basehttp 13992 2700"GET /media/recipe_images/solyanka.jpg HTTP/1.1" 404 179
INFO 2023-11-04 18:45:10,826 basehttp 13992 2700"GET /recipe_list/ HTTP/1.1" 200 5367
WARNING 2023-11-04 18:45:10,844 log 13992 2700Not Found: /media/recipe_images/solyanka.jpg
WARNING 2023-11-04 18:45:10,844 basehttp 13992 2700"GET /media/recipe_images/solyanka.jpg HTTP/1.1" 404 179
INFO 2023-11-04 18:45:19,517 basehttp 13992 2700"GET / HTTP/1.1" 200 2802
WARNING 2023-11-04 18:45:19,542 log 13992 2700Not Found: /media/recipe_images/solyanka.jpg
WARNING 2023-11-04 18:45:19,542 basehttp 13992 2700"GET /media/recipe_images/solyanka.jpg HTTP/1.1" 404 179
INFO 2023-11-04 18:45:23,233 basehttp 13992 2700"GET /recipe_list/ HTTP/1.1" 200 5366
WARNING 2023-11-04 18:45:23,256 log 13992 2700Not Found: /media/recipe_images/solyanka.jpg
WARNING 2023-11-04 18:45:23,257 basehttp 13992 2700"GET /media/recipe_images/solyanka.jpg HTTP/1.1" 404 179
INFO 2023-11-04 18:45:36,286 basehttp 13992 2700"GET / HTTP/1.1" 200 2802
WARNING 2023-11-04 18:45:36,310 log 13992 2700Not Found: /media/recipe_images/solyanka.jpg
WARNING 2023-11-04 18:45:36,310 basehttp 13992 2700"GET /media/recipe_images/solyanka.jpg HTTP/1.1" 404 179
